0 silly argv {
0 silly argv   _: [ 'version' ],
0 silly argv   'conventional-commits': true,
0 silly argv   conventionalCommits: true,
0 silly argv   lernaVersion: '3.22.1',
0 silly argv   '$0': '/home/petar/.npm-packages/bin/lerna'
0 silly argv }
1 notice cli v3.22.1
2 verbose rootPath /home/petar/nodejs/ts/react/ts/jbook
3 info versioning independent
4 silly isAnythingCommitted
5 verbose isAnythingCommitted 1
6 silly currentBranch
7 verbose currentBranch main
8 silly remoteBranchExists
9 silly isBehindUpstream
10 silly isBehindUpstream main is behind origin/main by 0 commit(s) and ahead by 3
11 silly hasTags
12 verbose hasTags false
13 info Assuming all packages changed
14 verbose updated @petarnenov/cli
15 verbose updated @petarnenov/local-api
16 verbose updated @petarnenov/local-client
17 verbose git-describe undefined => "d7c3b15"
18 silly git-describe parsed => {"refCount":"7","sha":"d7c3b15","isDirty":false}
19 silly independent for @petarnenov/cli at /home/petar/nodejs/ts/react/ts/jbook/packages/cli
20 verbose getChangelogConfig using preset "conventional-changelog-angular"
21 silly npa Result {
21 silly npa   type: 'tag',
21 silly npa   registry: true,
21 silly npa   where: undefined,
21 silly npa   raw: 'conventional-changelog-angular',
21 silly npa   name: 'conventional-changelog-angular',
21 silly npa   escapedName: 'conventional-changelog-angular',
21 silly npa   scope: undefined,
21 silly npa   rawSpec: '',
21 silly npa   saveSpec: null,
21 silly npa   fetchSpec: 'latest',
21 silly npa   gitRange: undefined,
21 silly npa   gitCommittish: undefined,
21 silly npa   hosted: undefined
21 silly npa }
22 verbose getChangelogConfig Attempting to resolve preset "conventional-changelog-angular"
23 info getChangelogConfig Successfully resolved preset "conventional-changelog-angular"
24 verbose independent increment 1.1.0 by minor
25 silly independent for @petarnenov/local-api at /home/petar/nodejs/ts/react/ts/jbook/packages/local-api
26 verbose independent increment 1.1.0 by minor
27 silly independent for @petarnenov/local-client at /home/petar/nodejs/ts/react/ts/jbook/packages/local-client
28 verbose independent increment 0.1.1 by patch
29 info execute Skipping releases
30 silly lifecycle No script for "preversion" in "root", continuing
31 silly lifecycle No script for "preversion" in "@petarnenov/cli", continuing
32 silly lifecycle No script for "preversion" in "@petarnenov/local-api", continuing
33 silly lifecycle No script for "preversion" in "@petarnenov/local-client", continuing
34 silly lifecycle No script for "version" in "@petarnenov/cli", continuing
35 silly independent for @petarnenov/cli at /home/petar/nodejs/ts/react/ts/jbook/packages/cli
36 silly lifecycle No script for "version" in "@petarnenov/local-api", continuing
37 silly independent for @petarnenov/local-api at /home/petar/nodejs/ts/react/ts/jbook/packages/local-api
38 silly independent writing new entry: "# 1.2.0 (2021-11-11)\n\n\n### Features\n\n* add cli implementation ([72d86a0](https://github.com/petarnenov/portfolioProject/commit/72d86a0042c5625a11a1606c68d9b68701577024))\n\n\n\n"
39 silly independent writing new entry: "# 1.2.0 (2021-11-11)\n\n\n### Features\n\n* add cli implementation ([72d86a0](https://github.com/petarnenov/portfolioProject/commit/72d86a0042c5625a11a1606c68d9b68701577024))\n\n\n\n"
40 verbose independent wrote /home/petar/nodejs/ts/react/ts/jbook/packages/cli/CHANGELOG.md
41 verbose independent wrote /home/petar/nodejs/ts/react/ts/jbook/packages/local-api/CHANGELOG.md
42 silly lifecycle No script for "version" in "@petarnenov/local-client", continuing
43 silly independent for @petarnenov/local-client at /home/petar/nodejs/ts/react/ts/jbook/packages/local-client
44 silly independent writing new entry: "## 0.1.2 (2021-11-11)\n\n**Note:** Version bump only for package @petarnenov/local-client\n\n\n\n"
45 verbose independent wrote /home/petar/nodejs/ts/react/ts/jbook/packages/local-client/CHANGELOG.md
46 silly lifecycle No script for "version" in "root", continuing
47 silly gitAdd [
47 silly gitAdd   'packages/cli/package.json',
47 silly gitAdd   'packages/cli/package-lock.json',
47 silly gitAdd   'packages/local-api/package.json',
47 silly gitAdd   'packages/local-api/package-lock.json',
47 silly gitAdd   'packages/cli/CHANGELOG.md',
47 silly gitAdd   'packages/local-api/CHANGELOG.md',
47 silly gitAdd   'packages/local-client/package.json',
47 silly gitAdd   'packages/local-client/package-lock.json',
47 silly gitAdd   'packages/local-client/CHANGELOG.md'
47 silly gitAdd ]
48 error Error: Command failed: git add -- packages/cli/package.json packages/cli/package-lock.json packages/local-api/package.json packages/local-api/package-lock.json packages/cli/CHANGELOG.md packages/local-api/CHANGELOG.md packages/local-client/package.json packages/local-client/package-lock.json packages/local-client/CHANGELOG.md
48 error fatal: Pathspec 'packages/local-client/package.json' is in submodule 'packages/local-client'
48 error
48 error     at makeError (/home/petar/.npm-packages/lib/node_modules/lerna/node_modules/execa/index.js:174:9)
48 error     at /home/petar/.npm-packages/lib/node_modules/lerna/node_modules/execa/index.js:278:16
48 error     at processTicksAndRejections (internal/process/task_queues.js:95:5)
